0 info it worked if it ends with ok
1 verbose cli [ '/usr/bin/node', '/usr/bin/npm', 'install', '-g', 'cordova' ]
2 info using npm@1.4.28
3 info using node@v0.10.40
4 verbose node symlink /usr/bin/node
5 verbose cache add [ 'cordova', null ]
6 verbose cache add name=undefined spec="cordova" args=["cordova",null]
7 verbose parsed url { protocol: null,
7 verbose parsed url   slashes: null,
7 verbose parsed url   auth: null,
7 verbose parsed url   host: null,
7 verbose parsed url   port: null,
7 verbose parsed url   hostname: null,
7 verbose parsed url   hash: null,
7 verbose parsed url   search: null,
7 verbose parsed url   query: null,
7 verbose parsed url   pathname: 'cordova',
7 verbose parsed url   path: 'cordova',
7 verbose parsed url   href: 'cordova' }
8 silly lockFile a98f2055-cordova cordova
9 verbose lock cordova /home/sean/.npm/a98f2055-cordova.lock
10 silly lockFile a98f2055-cordova cordova
11 silly lockFile a98f2055-cordova cordova
12 verbose addNamed [ 'cordova', '' ]
13 verbose addNamed [ null, '*' ]
14 silly lockFile de8d9fad-cordova cordova@
15 verbose lock cordova@ /home/sean/.npm/de8d9fad-cordova.lock
16 silly addNameRange { name: 'cordova', range: '*', hasData: false }
17 verbose request where is /cordova
18 verbose request registry https://registry.npmjs.org/
19 verbose request id 3c653e3b3a016700
20 verbose url raw /cordova
21 verbose url resolving [ 'https://registry.npmjs.org/', './cordova' ]
22 verbose url resolved https://registry.npmjs.org/cordova
23 verbose request where is https://registry.npmjs.org/cordova
24 info trying registry request attempt 1 at 23:55:33
25 http GET https://registry.npmjs.org/cordova
26 http 200 https://registry.npmjs.org/cordova
27 silly registry.get cb [ 200,
27 silly registry.get   { server: 'CouchDB/1.5.0 (Erlang OTP/R16B03)',
27 silly registry.get     etag: '"78PT6W4NV2CHYVOXMZFMAHW3A"',
27 silly registry.get     'content-type': 'application/json',
27 silly registry.get     'cache-control': 'max-age=60',
27 silly registry.get     'content-length': '363739',
27 silly registry.get     'accept-ranges': 'bytes',
27 silly registry.get     date: 'Fri, 16 Oct 2015 14:55:34 GMT',
27 silly registry.get     via: '1.1 varnish',
27 silly registry.get     age: '0',
27 silly registry.get     connection: 'keep-alive',
27 silly registry.get     'x-served-by': 'cache-nrt6134-NRT',
27 silly registry.get     'x-cache': 'HIT',
27 silly registry.get     'x-cache-hits': '1',
27 silly registry.get     'x-timer': 'S1445007334.111557,VS0,VE141',
27 silly registry.get     vary: 'Accept' } ]
28 silly addNameRange number 2 { name: 'cordova', range: '*', hasData: true }
29 silly addNameRange versions [ 'cordova',
29 silly addNameRange   [ '0.0.1',
29 silly addNameRange     '0.0.2',
29 silly addNameRange     '0.0.3',
29 silly addNameRange     '0.0.4',
29 silly addNameRange     '0.0.5',
29 silly addNameRange     '0.0.6',
29 silly addNameRange     '0.0.7',
29 silly addNameRange     '0.0.8',
29 silly addNameRange     '0.0.9',
29 silly addNameRange     '0.1.0',
29 silly addNameRange     '0.1.1',
29 silly addNameRange     '0.1.2',
29 silly addNameRange     '0.1.3',
29 silly addNameRange     '0.1.4',
29 silly addNameRange     '0.1.5',
29 silly addNameRange     '0.1.6',
29 silly addNameRange     '0.1.7',
29 silly addNameRange     '0.1.8',
29 silly addNameRange     '0.1.9',
29 silly addNameRange     '0.1.10',
29 silly addNameRange     '0.1.11',
29 silly addNameRange     '0.1.12',
29 silly addNameRange     '0.1.13',
29 silly addNameRange     '0.1.14',
29 silly addNameRange     '2.2.0',
29 silly addNameRange     '2.3.0',
29 silly addNameRange     '2.3.1',
29 silly addNameRange     '2.3.2',
29 silly addNameRange     '2.3.3',
29 silly addNameRange     '2.3.5',
29 silly addNameRange     '2.3.6',
29 silly addNameRange     '2.4.0',
29 silly addNameRange     '2.4.1',
29 silly addNameRange     '2.4.2',
29 silly addNameRange     '2.4.3',
29 silly addNameRange     '2.4.4',
29 silly addNameRange     '2.4.5',
29 silly addNameRange     '2.4.6',
29 silly addNameRange     '2.4.7',
29 silly addNameRange     '2.4.8',
29 silly addNameRange     '2.4.9',
29 silly addNameRange     '2.4.10',
29 silly addNameRange     '2.5.0',
29 silly addNameRange     '2.5.2',
29 silly addNameRange     '2.5.3',
29 silly addNameRange     '2.5.4',
29 silly addNameRange     '2.5.5',
29 silly addNameRange     '2.6.0',
29 silly addNameRange     '2.6.1',
29 silly addNameRange     '2.6.2',
29 silly addNameRange     '2.7.0-rc.1',
29 silly addNameRange     '2.7.1-rc.1',
29 silly addNameRange     '2.7.2',
29 silly addNameRange     '2.7.3',
29 silly addNameRange     '2.7.4',
29 silly addNameRange     '2.8.0',
29 silly addNameRange     '2.8.1',
29 silly addNameRange     '2.8.2',
29 silly addNameRange     '2.8.3',
29 silly addNameRange     '2.8.4',
29 silly addNameRange     '2.8.5',
29 silly addNameRange     '2.8.6',
29 silly addNameRange     '2.8.7',
29 silly addNameRange     '2.8.8',
29 silly addNameRange     '2.8.9',
29 silly addNameRange     '2.8.10',
29 silly addNameRange     '2.8.11',
29 silly addNameRange     '2.8.12',
29 silly addNameRange     '2.8.13',
29 silly addNameRange     '2.8.14',
29 silly addNameRange     '2.8.15',
29 silly addNameRange     '2.8.16',
29 silly addNameRange     '2.8.17',
29 silly addNameRange     '2.8.18',
29 silly addNameRange     '2.8.19',
29 silly addNameRange     '2.8.20',
29 silly addNameRange     '2.8.21',
29 silly addNameRange     '2.8.22',
29 silly addNameRange     '2.8.23',
29 silly addNameRange     '2.8.24',
29 silly addNameRange     '2.8.25',
29 silly addNameRange     '2.9.0',
29 silly addNameRange     '2.9.1',
29 silly addNameRange     '2.9.2',
29 silly addNameRange     '2.9.3',
29 silly addNameRange     '2.9.4',
29 silly addNameRange     '2.9.5',
29 silly addNameRange     '2.9.6',
29 silly addNameRange     '2.9.7',
29 silly addNameRange     '3.0.0-rc1',
29 silly addNameRange     '3.0.0-rc1-1',
29 silly addNameRange     '3.0.0-rc1-3',
29 silly addNameRange     '3.0.0',
29 silly addNameRange     '3.0.1',
29 silly addNameRange     '3.0.2',
29 silly addNameRange     '3.0.3',
29 silly addNameRange     '3.0.4',
29 silly addNameRange     '3.0.5',
29 silly addNameRange     '3.0.6',
29 silly addNameRange     '3.0.7',
29 silly addNameRange     '3.0.8',
29 silly addNameRange     '3.0.9',
29 silly addNameRange     '3.0.10',
29 silly addNameRange     '3.1.0-0.1.0',
29 silly addNameRange     '3.1.0-0.2.0',
29 silly addNameRange     '3.2.0-rc.1',
29 silly addNameRange     '3.2.0-0.1.0',
29 silly addNameRange     '3.2.0-0.2.0',
29 silly addNameRange     '3.2.0-0.3.0',
29 silly addNameRange     '3.2.0-0.4.0',
29 silly addNameRange     '3.3.0-rc.1',
29 silly addNameRange     '3.3.0-0.1.1',
29 silly addNameRange     '3.3.1-0.1.2',
29 silly addNameRange     '2.9.0-rc1',
29 silly addNameRange     '3.3.1-0.3.0',
29 silly addNameRange     '3.3.1-0.3.1',
29 silly addNameRange     '3.3.1-0.4.1',
29 silly addNameRange     '3.3.1-0.4.2',
29 silly addNameRange     '3.4.0-0.1.0',
29 silly addNameRange     '3.4.0-0.1.1',
29 silly addNameRange     '3.4.0-0.1.2',
29 silly addNameRange     '3.4.0-0.1.3',
29 silly addNameRange     '0.0.0-fake',
29 silly addNameRange     '3.4.1-0.1.0',
29 silly addNameRange     '3.5.0-0.2.0',
29 silly addNameRange     '3.5.0-0.2.1',
29 silly addNameRange     '3.5.0-0.2.2',
29 silly addNameRange     '3.5.0-0.2.3',
29 silly addNameRange     '3.5.0-0.2.4',
29 silly addNameRange     '3.5.0-0.2.6',
29 silly addNameRange     '3.5.0-0.2.7',
29 silly addNameRange     '3.6.0-0.2.8',
29 silly addNameRange     '3.6.0-0.2.9',
29 silly addNameRange     '3.6.1-0.2.10',
29 silly addNameRange     '3.6.3-0.2.11',
29 silly addNameRange     '3.6.3-0.2.12',
29 silly addNameRange     '3.6.3-0.2.13',
29 silly addNameRange     '4.0.0',
29 silly addNameRange     '4.0.1',
29 silly addNameRange     '4.1.0',
29 silly addNameRange     '4.1.1',
29 silly addNameRange     '4.1.2',
29 silly addNameRange     '4.1.3-nightly.2014.10.21',
29 silly addNameRange     '4.2.0',
29 silly addNameRange     '4.3.0',
29 silly addNameRange     '5.0.0',
29 silly addNameRange     '4.3.1',
29 silly addNameRange     '5.1.1',
29 silly addNameRange     '5.2.0',
29 silly addNameRange     '5.3.1',
29 silly addNameRange     '5.3.3' ] ]
30 verbose addNamed [ 'cordova', '5.3.3' ]
31 verbose addNamed [ '5.3.3', '5.3.3' ]
32 silly lockFile 32a3786c-cordova-5-3-3 cordova@5.3.3
33 verbose lock cordova@5.3.3 /home/sean/.npm/32a3786c-cordova-5-3-3.lock
34 silly lockFile 30dc52a9-js-org-cordova-cordova-5-3-3-tgz https://registry.npmjs.org/cordova/-/cordova-5.3.3.tgz
35 verbose lock https://registry.npmjs.org/cordova/-/cordova-5.3.3.tgz /home/sean/.npm/30dc52a9-js-org-cordova-cordova-5-3-3-tgz.lock
36 verbose addRemoteTarball [ 'https://registry.npmjs.org/cordova/-/cordova-5.3.3.tgz',
36 verbose addRemoteTarball   'd8933ea57cf4d390a1c86d0b43def76f61fb4d76' ]
37 info retry fetch attempt 1 at 23:55:34
38 verbose fetch to= /tmp/npm-12594-Bq9T6tr-/registry.npmjs.org/cordova/-/cordova-5.3.3.tgz
39 http GET https://registry.npmjs.org/cordova/-/cordova-5.3.3.tgz
40 http 200 https://registry.npmjs.org/cordova/-/cordova-5.3.3.tgz
41 silly lockFile 30dc52a9-js-org-cordova-cordova-5-3-3-tgz https://registry.npmjs.org/cordova/-/cordova-5.3.3.tgz
42 silly lockFile 30dc52a9-js-org-cordova-cordova-5-3-3-tgz https://registry.npmjs.org/cordova/-/cordova-5.3.3.tgz
43 silly lockFile 32a3786c-cordova-5-3-3 cordova@5.3.3
44 silly lockFile 32a3786c-cordova-5-3-3 cordova@5.3.3
45 silly lockFile de8d9fad-cordova cordova@
46 silly lockFile de8d9fad-cordova cordova@
47 silly resolved [ { name: 'cordova',
47 silly resolved     version: '5.3.3',
47 silly resolved     preferGlobal: 'true',
47 silly resolved     description: 'Cordova command line interface tool',
47 silly resolved     main: 'cordova',
47 silly resolved     engines: { node: '>=0.9.9' },
47 silly resolved     engineStrict: true,
47 silly resolved     bin: { cordova: './bin/cordova' },
47 silly resolved     scripts:
47 silly resolved      { test: 'node node_modules/jasmine-node/bin/jasmine-node --captureExceptions --color spec',
47 silly resolved        cover: 'node node_modules/istanbul/lib/cli.js cover --root src --print detail node_modules/jasmine-node/bin/jasmine-node -- spec' },
47 silly resolved     repository:
47 silly resolved      { type: 'git',
47 silly resolved        url: 'https://git-wip-us.apache.org/repos/asf/cordova-cli.git' },
47 silly resolved     bugs:
47 silly resolved      { url: 'https://issues.apache.org/jira/browse/CB',
47 silly resolved        email: 'dev@cordova.apache.org' },
47 silly resolved     keywords: [ 'cordova', 'client', 'cli' ],
47 silly resolved     dependencies:
47 silly resolved      { 'cordova-lib': '5.3.3',
47 silly resolved        q: '1.0.1',
47 silly resolved        nopt: '3.0.1',
47 silly resolved        underscore: '1.7.0' },
47 silly resolved     devDependencies:
47 silly resolved      { istanbul: '^0.3.4',
47 silly resolved        grunt: '0.4.5',
47 silly resolved        'grunt-retire': '0.3.7',
47 silly resolved        'jasmine-node': '1.14.5' },
47 silly resolved     author: { name: 'Anis Kadri' },
47 silly resolved     contributors:
47 silly resolved      [ [Object],
47 silly resolved        [Object],
47 silly resolved        [Object],
47 silly resolved        [Object],
47 silly resolved        [Object],
47 silly resolved        [Object],
47 silly resolved        [Object],
47 silly resolved        [Object],
47 silly resolved        [Object],
47 silly resolved        [Object],
47 silly resolved        [Object],
47 silly resolved        [Object],
47 silly resolved        [Object],
47 silly resolved        [Object],
47 silly resolved        [Object],
47 silly resolved        [Object],
47 silly resolved        [Object],
47 silly resolved        [Object],
47 silly resolved        [Object],
47 silly resolved        [Object],
47 silly resolved        [Object],
47 silly resolved        [Object],
47 silly resolved        [Object],
47 silly resolved        [Object] ],
47 silly resolved     license: 'Apache version 2.0',
47 silly resolved     _id: 'cordova@5.3.3',
47 silly resolved     _shasum: 'd8933ea57cf4d390a1c86d0b43def76f61fb4d76',
47 silly resolved     _resolved: 'https://registry.npmjs.org/cordova/-/cordova-5.3.3.tgz',
47 silly resolved     _from: 'cordova@',
47 silly resolved     _npmVersion: '2.14.2',
47 silly resolved     _nodeVersion: '4.0.0',
47 silly resolved     _npmUser:
47 silly resolved      { name: 'kotikov.vladimir',
47 silly resolved        email: 'kotikov.vladimir@gmail.com' },
47 silly resolved     dist:
47 silly resolved      { shasum: 'd8933ea57cf4d390a1c86d0b43def76f61fb4d76',
47 silly resolved        tarball: 'http://registry.npmjs.org/cordova/-/cordova-5.3.3.tgz' },
47 silly resolved     maintainers:
47 silly resolved      [ [Object],
47 silly resolved        [Object],
47 silly resolved        [Object],
47 silly resolved        [Object],
47 silly resolved        [Object],
47 silly resolved        [Object],
47 silly resolved        [Object],
47 silly resolved        [Object],
47 silly resolved        [Object],
47 silly resolved        [Object],
47 silly resolved        [Object],
47 silly resolved        [Object],
47 silly resolved        [Object],
47 silly resolved        [Object],
47 silly resolved        [Object],
47 silly resolved        [Object],
47 silly resolved        [Object],
47 silly resolved        [Object] ],
47 silly resolved     directories: {} } ]
48 info install cordova@5.3.3 into /usr/lib
49 info installOne cordova@5.3.3
50 verbose lib/node_modules/cordova unbuild
51 verbose tar unpack /home/sean/.npm/cordova/5.3.3/package.tgz
52 silly lockFile 01c5d05a-tar-usr-lib-node-modules-cordova tar:///usr/lib/node_modules/cordova
53 verbose lock tar:///usr/lib/node_modules/cordova /home/sean/.npm/01c5d05a-tar-usr-lib-node-modules-cordova.lock
54 silly lockFile 043c9d55-an-npm-cordova-5-3-3-package-tgz tar:///home/sean/.npm/cordova/5.3.3/package.tgz
55 verbose lock tar:///home/sean/.npm/cordova/5.3.3/package.tgz /home/sean/.npm/043c9d55-an-npm-cordova-5-3-3-package-tgz.lock
56 silly gunzTarPerm modes [ '775', '664' ]
57 error Error: EACCES, mkdir '/usr/lib/node_modules/cordova'
57 error  { [Error: EACCES, mkdir '/usr/lib/node_modules/cordova']
57 error   errno: 3,
57 error   code: 'EACCES',
57 error   path: '/usr/lib/node_modules/cordova',
57 error   fstream_type: 'Directory',
57 error   fstream_path: '/usr/lib/node_modules/cordova',
57 error   fstream_class: 'DirWriter',
57 error   fstream_stack:
57 error    [ '/usr/lib/node_modules/npm/node_modules/fstream/lib/dir-writer.js:36:23',
57 error      '/usr/lib/node_modules/npm/node_modules/mkdirp/index.js:46:53',
57 error      'Object.oncomplete (fs.js:108:15)' ] }
58 error Please try running this command again as root/Administrator.
59 error System Linux 3.19.0-30-generic
60 error command "/usr/bin/node" "/usr/bin/npm" "install" "-g" "cordova"
61 error cwd /home/sean/snackionic
62 error node -v v0.10.40
63 error npm -v 1.4.28
64 error path /usr/lib/node_modules/cordova
65 error fstream_path /usr/lib/node_modules/cordova
66 error fstream_type Directory
67 error fstream_class DirWriter
68 error code EACCES
69 error errno 3
70 error stack Error: EACCES, mkdir '/usr/lib/node_modules/cordova'
71 error fstream_stack /usr/lib/node_modules/npm/node_modules/fstream/lib/dir-writer.js:36:23
71 error fstream_stack /usr/lib/node_modules/npm/node_modules/mkdirp/index.js:46:53
71 error fstream_stack Object.oncomplete (fs.js:108:15)
72 verbose exit [ 3, true ]
